2021-05-07 00:42:25 DEBUG Creo menu
2021-05-07 00:42:25 DEBUG Corro el programa
2021-05-07 00:42:35 DEBUG Nombre: he5 Edad: 15 Altura: 100 Genero: d5hud5
2021-05-07 00:42:35 DEBUG Confirmo lo de antes
2021-05-07 00:43:24 DEBUG Creo menu
2021-05-07 00:43:24 DEBUG Corro el programa
2021-05-07 00:43:34 DEBUG Nombre: ujtfkj Edad: 15 Altura: 149 Genero: jtf
2021-05-07 00:43:34 DEBUG Confirmo lo de antes
2021-05-07 00:48:30 DEBUG Creo menu
2021-05-07 00:48:30 DEBUG Corro el programa
2021-05-07 00:48:44 DEBUG Nombre: mersgrg Edad: 15 Altura: 100 Genero: rdh
2021-05-07 00:48:44 DEBUG Confirmo lo de antes
2021-05-07 00:48:59 DEBUG Nombre: vrhds4rh Edad: 51 Altura: 150 Genero: hdrh
2021-05-07 00:48:59 DEBUG Confirmo lo de antes
2021-05-07 00:49:14 DEBUG Nombre: afhgdrth Edad: 15 Altura: 120 Genero: esg
2021-05-07 00:49:14 DEBUG Confirmo lo de antes
2021-05-07 00:50:32 DEBUG Creo menu
2021-05-07 00:50:32 DEBUG Corro el programa
2021-05-07 00:50:43 DEBUG Nombre: thjtdf Edad: 15 Altura: 50 Genero: tudf
2021-05-07 00:50:43 DEBUG Confirmo lo de antes
2021-05-07 00:50:54 DEBUG Nombre: tjftj Edad: 51 Altura: 100 Genero: jfyktj
2021-05-07 00:50:54 DEBUG Confirmo lo de antes
2021-05-07 00:51:19 DEBUG Creo menu
2021-05-07 00:51:20 DEBUG Corro el programa
2021-05-07 00:51:30 DEBUG Nombre: trhjf Edad: 451 Altura: 100 Genero: hdrtfh
2021-05-07 00:51:30 DEBUG Confirmo lo de antes
2021-05-07 00:51:39 DEBUG Nombre: jfyt Edad: 15 Altura: 50 Genero: drh
2021-05-07 00:51:39 DEBUG Confirmo lo de antes
2021-05-07 00:51:58 DEBUG Nombre: hdrh Edad: 10 Altura: 70 Genero: hdrh
2021-05-07 00:51:58 DEBUG Confirmo lo de antes
2021-05-07 00:53:58 DEBUG Creo menu
2021-05-07 00:53:58 DEBUG Corro el programa
2021-05-07 00:54:15 DEBUG Nombre: wdfaw Edad: 10 Altura: 100 Genero: hrh
2021-05-07 00:54:15 DEBUG Confirmo lo de antes
2021-05-07 00:54:32 DEBUG Nombre: rhdr Edad: 0 Altura: 10 Genero: rhdr
2021-05-07 00:54:32 DEBUG Confirmo lo de antes
2021-05-07 00:54:50 DEBUG Nombre: drhd Edad: 18 Altura: 150 Genero: hdrh
2021-05-07 00:54:50 DEBUG Confirmo lo de antes
2021-05-07 00:55:13 DEBUG Nombre: esgs4eg Edad: 10 Altura: 130 Genero: egseg
2021-05-07 00:55:13 DEBUG Confirmo lo de antes
2021-05-07 00:56:21 DEBUG Creo menu
2021-05-07 00:56:21 DEBUG Corro el programa
2021-05-07 00:56:38 DEBUG Creo menu
2021-05-07 00:56:38 DEBUG Corro el programa
2021-05-07 00:56:48 DEBUG Nombre: rhdrh Edad: 147 Altura: 10 Genero: rhdr
2021-05-07 00:56:48 DEBUG Confirmo lo de antes
2021-05-07 00:58:29 DEBUG Creo menu
2021-05-07 00:58:30 DEBUG Corro el programa
2021-05-07 00:58:41 DEBUG Nombre: hdhrh Edad: 15 Altura: 100 Genero: rhd
2021-05-07 00:58:41 DEBUG Confirmo lo de antes
2021-05-07 00:58:52 DEBUG Nombre: rhdrh Edad: 15 Altura: 50 Genero: hdrh
2021-05-07 00:58:52 DEBUG Confirmo lo de antes
2021-05-07 00:59:05 DEBUG Creo menu
2021-05-07 00:59:05 DEBUG Corro el programa
2021-05-07 00:59:12 DEBUG Nombre: egesg Edad: 15 Altura: 100 Genero: 
2021-05-07 00:59:12 DEBUG Confirmo lo de antes
2021-05-07 00:59:21 DEBUG Nombre: gesg Edad: 100 Altura: 10 Genero: gseg
2021-05-07 00:59:21 DEBUG Confirmo lo de antes
2021-05-07 00:59:34 DEBUG Nombre: egseg Edad: 15 Altura: 150 Genero: egsg
2021-05-07 00:59:34 DEBUG Confirmo lo de antes
2021-05-07 01:02:57 DEBUG Creo menu
2021-05-07 01:02:57 DEBUG Corro el programa
2021-05-07 01:03:06 DEBUG Nombre: yfj Edad: 100 Altura: 100 Genero: hrhdr
2021-05-07 01:03:06 DEBUG Confirmo lo de antes
2021-05-07 01:03:14 DEBUG Error: java.lang.NumberFormatException: For input string: "10h"
2021-05-07 01:03:25 DEBUG Nombre: rhdrh Edad: 10 Altura: 10 Genero: hdsrh
2021-05-07 01:03:25 DEBUG Confirmo lo de antes
2021-05-07 01:03:39 DEBUG Nombre:  mkjyj Edad: 15 Altura: 50 Genero: hrhd
2021-05-07 01:03:39 DEBUG Confirmo lo de antes
2021-05-07 01:04:09 DEBUG Creo menu
2021-05-07 01:04:09 DEBUG Corro el programa
2021-05-07 01:04:18 DEBUG Nombre: rhd Edad: 15 Altura: 100 Genero: rhr
2021-05-07 01:04:18 DEBUG Confirmo lo de antes
2021-05-07 01:04:38 DEBUG Nombre: drhdrh Edad: 12 Altura: 10 Genero: hrhdrh
2021-05-07 01:04:38 DEBUG Confirmo lo de antes
2021-05-07 01:20:02 DEBUG Creo menu
2021-05-07 01:20:02 DEBUG Corro el programa
2021-05-07 01:20:15 DEBUG Creo menu
2021-05-07 01:20:15 DEBUG Corro el programa
2021-05-07 01:21:03 DEBUG Nombre: e5hdrt Edad: 15 Altura: 100 Genero: hdrh
2021-05-07 01:21:03 DEBUG Confirmo lo de antes
2021-05-07 01:21:20 DEBUG Nombre: fhdxrfh Edad: 15 Altura: 300 Genero: 51
2021-05-07 01:21:20 DEBUG Confirmo lo de antes
2021-05-07 01:22:01 DEBUG Creo menu
2021-05-07 01:22:02 DEBUG Corro el programa
2021-05-07 01:22:17 DEBUG Error: java.lang.NumberFormatException: For input string: "rhjd"
2021-05-07 01:22:29 DEBUG Nombre: uudrt Edad: 15 Altura: 100 Genero: rdhdrh
2021-05-07 01:22:29 DEBUG Confirmo lo de antes
2021-05-07 01:29:34 DEBUG Creo menu
2021-05-07 01:29:34 DEBUG Corro el programa
2021-05-07 01:29:43 DEBUG Nombre: e5uy5h Edad: 15 Altura: 100 Genero: rhh
2021-05-07 01:29:43 DEBUG Confirmo lo de antes
2021-05-07 01:29:53 DEBUG Nombre: hdh Edad: 15 Altura: 150 Genero: rhdsrh
2021-05-07 01:29:53 DEBUG Confirmo lo de antes
2021-05-07 01:30:09 DEBUG Nombre: gfwe43gf Edad: 10 Altura: 130 Genero: egfesa
2021-05-07 01:30:09 DEBUG Confirmo lo de antes
2021-05-07 01:32:26 DEBUG Creo menu
2021-05-07 01:32:26 DEBUG Corro el programa
2021-05-07 01:34:53 DEBUG Nombre: 7ue5u Edad: 15 Altura: 100 Genero: hdrh
2021-05-07 01:34:53 DEBUG Confirmo lo de antes
2021-05-07 01:42:55 DEBUG Creo menu
2021-05-07 01:42:55 DEBUG Corro el programa
2021-05-07 01:43:04 DEBUG Nombre: hrrh Edad: 51 Altura: 100 Genero: rhdrh
2021-05-07 01:43:04 DEBUG Confirmo lo de antes
2021-05-07 01:43:15 DEBUG Nombre: hrh Edad: 100 Altura: 105 Genero: rhdrh
2021-05-07 01:43:15 DEBUG Confirmo lo de antes
2021-05-07 01:43:26 DEBUG Nombre: hdrhdrh Edad: 15 Altura: 100 Genero: rhdh
2021-05-07 01:43:26 DEBUG Confirmo lo de antes
2021-05-07 01:43:44 DEBUG Nombre: hdsrh Edad: 18 Altura: 200 Genero: hgsrh
2021-05-07 01:43:44 DEBUG Confirmo lo de antes
2021-05-07 01:44:00 DEBUG Nombre: egshg Edad: 51 Altura: 150 Genero: gesg
2021-05-07 01:44:00 DEBUG Confirmo lo de antes
2021-05-07 01:45:55 DEBUG Creo menu
2021-05-07 01:45:55 DEBUG Corro el programa
2021-05-07 01:46:07 DEBUG Nombre: gsrghw Edad: 10 Altura: 100 Genero: saegtwesg
2021-05-07 01:46:07 DEBUG Confirmo lo de antes
2021-05-07 01:46:19 DEBUG Nombre: egseg Edad: 18 Altura: 200 Genero: f
2021-05-07 01:46:19 DEBUG Confirmo lo de antes
2021-05-07 01:46:33 DEBUG Nombre: gsrehg Edad: 22 Altura: 150 Genero: gesgs
2021-05-07 01:46:33 DEBUG Confirmo lo de antes
2021-05-07 01:46:48 DEBUG Nombre: gseg Edad: 80 Altura: 180 Genero: eges
2021-05-07 01:46:48 DEBUG Confirmo lo de antes
2021-05-07 01:47:19 DEBUG Nombre: tye45hy Edad: 18 Altura: 250 Genero: gseg
2021-05-07 01:47:19 DEBUG Confirmo lo de antes
2021-05-07 01:47:38 DEBUG Nombre: esrgw Edad: 10 Altura: 190 Genero: e3gwe43g
2021-05-07 01:47:38 DEBUG Confirmo lo de antes
